Running on cn9.hpc.itu.dk:
Running model {'results_folder': '../bank_results/HI-Large_all_bank/AML_HI-Large_all_bank', 'dataset': '../Data/all_bank_FraudGT/HI-Large/AML/HI-Large_Trans.csv', 'formatted': '../Data/all_bank_FraudGT/HI-Large/AML', 'title': 'all banks HI FraudGT', 'save_to': 'all_banks_HI_FraudGT', 'patterns':                Timestamp  From Bank  ... Is Laundering  Laundering Type
0       2022/08/09 05:14        952  ...             1            STACK
1       2022/08/13 13:09     111632  ...             1            STACK
2       2022/08/15 07:40     118693  ...             1            STACK
3       2022/08/15 14:19      13729  ...             1            STACK
4       2022/08/13 12:40      24750  ...             1            STACK
...                  ...        ...  ...           ...              ...
137931  2022/11/08 09:12       1538  ...             1          FAN-OUT
137932  2022/11/20 18:34       1538  ...             1          FAN-OUT
137933  2022/11/25 11:27       1538  ...             1          FAN-OUT
137934  2022/11/28 09:15       1538  ...             1          FAN-OUT
137935  2022/12/10 15:28       1538  ...             1          FAN-OUT

[137936 rows x 12 columns]}
Predictions size: (9824556, 4)
Full data size: (23169522, 11)
Difference: 13344966
Precision: 0.58
Recall: 0.36
F1-Score: 0.45

Classification Report:
Running model {'results_folder': '../bank_results/LI-Large_all_bank/AML_LI-Large_all_bank', 'dataset': '../Data/all_bank_FraudGT/LI-Large/AML/LI-Large_Trans.csv', 'formatted': '../Data/all_bank_FraudGT/LI-Large/AML', 'title': 'all banks LI FraudGT', 'save_to': 'all_banks_LI_FraudGT', 'patterns':               Timestamp  From Bank  ... Is Laundering  Laundering Type
0      2022/08/01 01:34      23447  ...             1   SCATTER-GATHER
1      2022/08/26 18:37       8847  ...             1   SCATTER-GATHER
2      2022/08/07 09:02      23447  ...             1   SCATTER-GATHER
3      2022/08/29 06:09       3335  ...             1   SCATTER-GATHER
4      2022/08/11 09:18      23447  ...             1   SCATTER-GATHER
...                 ...        ...  ...           ...              ...
19456  2022/11/09 16:15       1226  ...             1        BIPARTITE
19457  2022/11/06 07:13       1226  ...             1        BIPARTITE
19458  2022/11/17 14:56       5889  ...             1        BIPARTITE
19459  2022/11/05 21:47     133500  ...             1   SCATTER-GATHER
19460  2022/11/10 15:51    2124910  ...             1   SCATTER-GATHER

[19461 rows x 12 columns]}
Predictions size: (13437168, 4)
Full data size: (22421335, 11)
Difference: 8984167
Precision: 0.44
Recall: 0.03
F1-Score: 0.06

Classification Report:
Running model {'results_folder': '../bank_results_GatedGCN/HI-Large_all_bank/AML_HI-Large_all_bank_GCN', 'dataset': '../Data/all_bank_GCN/HI-Large/AML/HI-Large_Trans.csv', 'formatted': '../Data/all_bank_GCN/HI-Large/AML', 'title': 'all banks HI GatedGCN', 'save_to': 'all_banks_HI_GatedGCN', 'patterns':                Timestamp  From Bank  ... Is Laundering  Laundering Type
0       2022/08/09 05:14        952  ...             1            STACK
1       2022/08/13 13:09     111632  ...             1            STACK
2       2022/08/15 07:40     118693  ...             1            STACK
3       2022/08/15 14:19      13729  ...             1            STACK
4       2022/08/13 12:40      24750  ...             1            STACK
...                  ...        ...  ...           ...              ...
137931  2022/11/08 09:12       1538  ...             1          FAN-OUT
137932  2022/11/20 18:34       1538  ...             1          FAN-OUT
137933  2022/11/25 11:27       1538  ...             1          FAN-OUT
137934  2022/11/28 09:15       1538  ...             1          FAN-OUT
137935  2022/12/10 15:28       1538  ...             1          FAN-OUT

[137936 rows x 12 columns]}
Predictions size: (9824556, 4)
Full data size: (23169522, 11)
Difference: 13344966
Precision: 0.40
Recall: 0.27
F1-Score: 0.32

Classification Report:
Running model {'results_folder': '../bank_results_GatedGCN/LI-Large_all_bank/AML_LI-Large_all_bank_GCN', 'dataset': '../Data/all_bank_GCN/LI-Large/AML/LI-Large_Trans.csv', 'formatted': '../Data/all_bank_GCN/LI-Large/AML', 'title': 'all banksLI GatedGCN', 'save_to': 'all_banks_LI_GatedGCN', 'patterns':               Timestamp  From Bank  ... Is Laundering  Laundering Type
0      2022/08/01 01:34      23447  ...             1   SCATTER-GATHER
1      2022/08/26 18:37       8847  ...             1   SCATTER-GATHER
2      2022/08/07 09:02      23447  ...             1   SCATTER-GATHER
3      2022/08/29 06:09       3335  ...             1   SCATTER-GATHER
4      2022/08/11 09:18      23447  ...             1   SCATTER-GATHER
...                 ...        ...  ...           ...              ...
19456  2022/11/09 16:15       1226  ...             1        BIPARTITE
19457  2022/11/06 07:13       1226  ...             1        BIPARTITE
19458  2022/11/17 14:56       5889  ...             1        BIPARTITE
19459  2022/11/05 21:47     133500  ...             1   SCATTER-GATHER
19460  2022/11/10 15:51    2124910  ...             1   SCATTER-GATHER

[19461 rows x 12 columns]}
Predictions size: (13437168, 4)
Full data size: (22421335, 11)
Difference: 8984167
Precision: 0.32
Recall: 0.02
F1-Score: 0.04

Classification Report:
